<?xml version="1.0" encoding="UTF-8"?>
<!-- Generated by org.testng.reporters.JUnitReportReporter -->
<testsuite hostname="JefPc" failures="0" tests="34" name="juntos.Calculadora3Test" time="0.030" errors="0" timestamp="2023-06-02T00:15:26 BRT" skipped="0">
  <testcase classname="juntos.Calculadora3Test" name="testeMultiplicarJson" time="0.000"/>
  <system-out/>
  <testcase classname="juntos.Calculadora3Test" name="testeMultiplicarCsv" time="0.000"/>
  <system-out/>
  <testcase classname="juntos.Calculadora3Test" name="testeMultiplicarCsv" time="0.000"/>
  <system-out/>
  <testcase classname="juntos.Calculadora3Test" name="testeMultiplicarJson" time="0.000"/>
  <system-out/>
  <testcase classname="juntos.Calculadora3Test" name="testeMultiplicarCsv" time="0.000"/>
  <system-out/>
  <testcase classname="juntos.Calculadora3Test" name="testeMultiplicarCsv" time="0.000"/>
  <system-out/>
  <testcase classname="juntos.Calculadora3Test" name="testeMultiplicarCsv" time="0.024"/>
  <system-out/>
  <testcase classname="juntos.Calculadora3Test" name="testeMultiplicarCsv" time="0.000"/>
  <system-out/>
  <testcase classname="juntos.Calculadora3Test" name="testeMultiplicarJson" time="0.006"/>
  <system-out/>
  <testcase classname="juntos.Calculadora3Test" name="testeMultiplicarJson" time="0.000"/>
  <system-out/>
  <testcase classname="juntos.Calculadora3Test" name="testeMultiplicarCsv" time="0.000"/>
  <system-out/>
  <testcase classname="juntos.Calculadora3Test" name="testeMultiplicarJson" time="0.000"/>
  <system-out/>
  <testcase classname="juntos.Calculadora3Test" name="testeMultiplicarCsv" time="0.000"/>
  <system-out/>
  <testcase classname="juntos.Calculadora3Test" name="testeMultiplicarJson" time="0.000"/>
  <system-out/>
  <testcase classname="juntos.Calculadora3Test" name="testeMultiplicarCsv" time="0.000"/>
  <system-out/>
  <testcase classname="juntos.Calculadora3Test" name="testeMultiplicarJson" time="0.000"/>
  <system-out/>
  <testcase classname="juntos.Calculadora3Test" name="testeMultiplicarCsv" time="0.000"/>
  <system-out/>
  <testcase classname="juntos.Calculadora3Test" name="testeMultiplicarJson" time="0.000"/>
  <system-out/>
  <testcase classname="juntos.Calculadora3Test" name="testeMultiplicarCsv" time="0.000"/>
  <system-out/>
  <testcase classname="juntos.Calculadora3Test" name="testeMultiplicarCsv" time="0.000"/>
  <system-out/>
  <testcase classname="juntos.Calculadora3Test" name="testeMultiplicarCsv" time="0.000"/>
  <system-out/>
  <testcase classname="juntos.Calculadora3Test" name="testeMultiplicarJson" time="0.000"/>
  <system-out/>
  <testcase classname="juntos.Calculadora3Test" name="testeMultiplicarJson" time="0.000"/>
  <system-out/>
  <testcase classname="juntos.Calculadora3Test" name="testeMultiplicarJson" time="0.000"/>
  <system-out/>
  <testcase classname="juntos.Calculadora3Test" name="testeMultiplicarCsv" time="0.000"/>
  <system-out/>
  <testcase classname="juntos.Calculadora3Test" name="testeMultiplicarJson" time="0.000"/>
  <system-out/>
  <testcase classname="juntos.Calculadora3Test" name="testeMultiplicarCsv" time="0.000"/>
  <system-out/>
  <testcase classname="juntos.Calculadora3Test" name="testeMultiplicarJson" time="0.000"/>
  <system-out/>
  <testcase classname="juntos.Calculadora3Test" name="testeMultiplicarJson" time="0.000"/>
  <system-out/>
  <testcase classname="juntos.Calculadora3Test" name="testeMultiplicarCsv" time="0.000"/>
  <system-out/>
  <testcase classname="juntos.Calculadora3Test" name="testeMultiplicarJson" time="0.000"/>
  <system-out/>
  <testcase classname="juntos.Calculadora3Test" name="testeMultiplicarCsv" time="0.000"/>
  <system-out/>
  <testcase classname="juntos.Calculadora3Test" name="testeMultiplicarJson" time="0.000"/>
  <system-out/>
  <testcase classname="juntos.Calculadora3Test" name="testeMultiplicarCsv" time="0.000"/>
  <system-out/>
</testsuite> <!-- juntos.Calculadora3Test -->
