<?xml version="1.0" encoding="UTF-8"?>
<!-- Generated by org.testng.reporters.JUnitReportReporter -->
<testsuite hostname="JefPc" failures="0" tests="13" name="juntos.Calculadora2Test$CSVReaderTest" time="0.009" errors="0" timestamp="2023-06-01T21:32:23 BRT" skipped="1">
  <testcase classname="juntos.Calculadora2Test$CSVReaderTest" name="testeMultiplicarDDT" time="0.000"/>
  <system-out/>
  <testcase classname="juntos.Calculadora2Test$CSVReaderTest" name="testeMultiplicarDDT" time="0.000"/>
  <system-out/>
  <testcase classname="juntos.Calculadora2Test$CSVReaderTest" name="testeMultiplicarCSV" time="0.000">
    <skipped/>
  </testcase> <!-- testeMultiplicarCSV -->
  <system-out/>
  <testcase classname="juntos.Calculadora2Test$CSVReaderTest" name="testeSomar" time="0.001"/>
  <system-out/>
  <testcase classname="juntos.Calculadora2Test$CSVReaderTest" name="testeMultiplicarDDT" time="0.000"/>
  <system-out/>
  <testcase classname="juntos.Calculadora2Test$CSVReaderTest" name="testeDividirPorZero" time="0.001"/>
  <system-out/>
  <testcase classname="juntos.Calculadora2Test$CSVReaderTest" name="testeMultiplicarDDT" time="0.000"/>
  <system-out/>
  <testcase classname="juntos.Calculadora2Test$CSVReaderTest" name="testeMultiplicar" time="0.000"/>
  <system-out/>
  <testcase classname="juntos.Calculadora2Test$CSVReaderTest" name="testeMultiplicar2por0" time="0.000"/>
  <system-out/>
  <testcase classname="juntos.Calculadora2Test$CSVReaderTest" name="testeSubtrair" time="0.000"/>
  <system-out/>
  <testcase classname="juntos.Calculadora2Test$CSVReaderTest" name="testeMultiplicarDDT" time="0.000"/>
  <system-out/>
  <testcase classname="juntos.Calculadora2Test$CSVReaderTest" name="testeDividir" time="0.007"/>
  <system-out/>
  <testcase classname="juntos.Calculadora2Test$CSVReaderTest" name="testeMultiplicar22" time="0.000"/>
  <system-out/>
</testsuite> <!-- juntos.Calculadora2Test$CSVReaderTest -->
